DEBUG main org.springframework.test.context.junit4.SpringJUnit4ClassRunner - SpringJUnit4ClassRunner constructor called with [class br.unimed.daotest.PessoasDaoTest].
INFO main org.springframework.test.context.TestContextManager - @TestExecutionListeners is not present for class [class br.unimed.daotest.PessoasDaoTest]: using defaults.
DEBUG main org.springframework.test.annotation.ProfileValueUtils - Retrieved @ProfileValueSourceConfiguration [null] for test class [br.unimed.daotest.PessoasDaoTest]
DEBUG main org.springframework.test.annotation.ProfileValueUtils - Retrieved ProfileValueSource type [class org.springframework.test.annotation.SystemProfileValueSource] for class [br.unimed.daotest.PessoasDaoTest]
DEBUG main org.springframework.test.annotation.ProfileValueUtils - Retrieved @ProfileValueSourceConfiguration [null] for test class [br.unimed.daotest.PessoasDaoTest]
DEBUG main org.springframework.test.annotation.ProfileValueUtils - Retrieved ProfileValueSource type [class org.springframework.test.annotation.SystemProfileValueSource] for class [br.unimed.daotest.PessoasDaoTest]
DEBUG main org.springframework.test.annotation.ProfileValueUtils - Retrieved @ProfileValueSourceConfiguration [null] for test class [br.unimed.daotest.PessoasDaoTest]
DEBUG main org.springframework.test.annotation.ProfileValueUtils - Retrieved ProfileValueSource type [class org.springframework.test.annotation.SystemProfileValueSource] for class [br.unimed.daotest.PessoasDaoTest]
DEBUG main org.springframework.test.annotation.ProfileValueUtils - Retrieved @ProfileValueSourceConfiguration [null] for test class [br.unimed.daotest.PessoasDaoTest]
DEBUG main org.springframework.test.annotation.ProfileValueUtils - Retrieved ProfileValueSource type [class org.springframework.test.annotation.SystemProfileValueSource] for class [br.unimed.daotest.PessoasDaoTest]
DEBUG main org.springframework.test.context.support.DependencyInjectionTestExecutionListener - Performing dependency injection for test context [[TestContext@e80d1ff testClass = PessoasDaoTest, locations = array<String>['classpath:spring.xml'], testInstance = br.unimed.daotest.PessoasDaoTest@2b5ac3c9, testMethod = [null], testException = [null]]].
DEBUG main org.springframework.test.context.support.AbstractGenericContextLoader - Loading ApplicationContext for locations [classpath:spring.xml].
INFO main org.springframework.beans.factory.xml.XmlBeanDefinitionReader - Loading XML bean definitions from class path resource [spring.xml]
DEBUG main org.springframework.beans.factory.xml.DefaultDocumentLoader - Using JAXP provider [com.sun.org.apache.xerces.internal.jaxp.DocumentBuilderFactoryImpl]
DEBUG main org.springframework.beans.factory.xml.PluggableSchemaResolver - Loading schema mappings from [META-INF/spring.schemas]
DEBUG main org.springframework.beans.factory.xml.PluggableSchemaResolver - Loaded schema mappings: {http://www.springframework.org/schema/util/spring-util.xsd=org/springframework/beans/factory/xml/spring-util-3.0.xsd, http://www.springframework.org/schema/jms/spring-jms-3.0.xsd=org/springframework/jms/config/spring-jms-3.0.xsd, http://www.springframework.org/schema/task/spring-task.xsd=org/springframework/scheduling/config/spring-task-3.0.xsd, http://www.springframework.org/schema/aop/spring-aop-3.0.xsd=org/springframework/aop/config/spring-aop-3.0.xsd, http://www.springframework.org/schema/aop/spring-aop-2.0.xsd=org/springframework/aop/config/spring-aop-2.0.xsd, http://www.springframework.org/schema/tool/spring-tool-2.5.xsd=org/springframework/beans/factory/xml/spring-tool-2.5.xsd, http://www.springframework.org/schema/beans/spring-beans.xsd=org/springframework/beans/factory/xml/spring-beans-3.0.xsd, http://www.springframework.org/schema/jee/spring-jee-2.5.xsd=org/springframework/ejb/config/spring-jee-2.5.xsd, http://www.springframework.org/schema/web-services/web-services-1.5.xsd=/org/springframework/ws/config/web-services-1.5.xsd, http://www.springframework.org/schema/aop/spring-aop.xsd=org/springframework/aop/config/spring-aop-3.0.xsd, http://www.springframework.org/schema/beans/spring-beans-2.0.xsd=org/springframework/beans/factory/xml/spring-beans-2.0.xsd, http://www.springframework.org/schema/mvc/spring-mvc-3.0.xsd=org/springframework/web/servlet/config/spring-mvc-3.0.xsd, http://www.springframework.org/schema/beans/spring-beans-3.0.xsd=org/springframework/beans/factory/xml/spring-beans-3.0.xsd, http://www.springframework.org/schema/task/spring-task-3.0.xsd=org/springframework/scheduling/config/spring-task-3.0.xsd, http://www.springframework.org/schema/tx/spring-tx-2.5.xsd=org/springframework/transaction/config/spring-tx-2.5.xsd, http://www.springframework.org/schema/context/spring-context-2.5.xsd=org/springframework/context/config/spring-context-2.5.xsd, http://www.springframework.org/schema/jdbc/spring-jdbc-3.0.xsd=org/springframework/jdbc/config/spring-jdbc-3.0.xsd, http://www.springframework.org/schema/tool/spring-tool-3.0.xsd=org/springframework/beans/factory/xml/spring-tool-3.0.xsd, http://www.springframework.org/schema/tx/spring-tx.xsd=org/springframework/transaction/config/spring-tx-3.0.xsd, http://www.springframework.org/schema/tool/spring-tool-2.0.xsd=org/springframework/beans/factory/xml/spring-tool-2.0.xsd, http://www.springframework.org/schema/util/spring-util-2.5.xsd=org/springframework/beans/factory/xml/spring-util-2.5.xsd, http://www.springframework.org/schema/lang/spring-lang.xsd=org/springframework/scripting/config/spring-lang-3.0.xsd, http://www.springframework.org/schema/lang/spring-lang-2.5.xsd=org/springframework/scripting/config/spring-lang-2.5.xsd, http://www.springframework.org/schema/jee/spring-jee-3.0.xsd=org/springframework/ejb/config/spring-jee-3.0.xsd, http://www.springframework.org/schema/jee/spring-jee-2.0.xsd=org/springframework/ejb/config/spring-jee-2.0.xsd, http://www.springframework.org/schema/context/spring-context.xsd=org/springframework/context/config/spring-context-3.0.xsd, http://www.springframework.org/schema/oxm/spring-oxm-1.5.xsd=/org/springframework/oxm/config/spring-oxm-1.5.xsd, http://www.springframework.org/schema/jee/spring-jee.xsd=org/springframework/ejb/config/spring-jee-3.0.xsd, http://www.springframework.org/schema/jms/spring-jms-2.5.xsd=org/springframework/jms/config/spring-jms-2.5.xsd, http://www.springframework.org/schema/jms/spring-jms.xsd=org/springframework/jms/config/spring-jms-3.0.xsd, http://www.springframework.org/schema/aop/spring-aop-2.5.xsd=org/springframework/aop/config/spring-aop-2.5.xsd, http://www.springframework.org/schema/mvc/spring-mvc.xsd=org/springframework/web/servlet/config/spring-mvc-3.0.xsd, http://www.springframework.org/schema/jdbc/spring-jdbc.xsd=org/springframework/jdbc/config/spring-jdbc-3.0.xsd, http://www.springframework.org/schema/tx/spring-tx-2.0.xsd=org/springframework/transaction/config/spring-tx-2.0.xsd, http://www.springframework.org/schema/tx/spring-tx-3.0.xsd=org/springframework/transaction/config/spring-tx-3.0.xsd, http://www.springframework.org/schema/context/spring-context-3.0.xsd=org/springframework/context/config/spring-context-3.0.xsd, http://www.springframework.org/schema/tool/spring-tool.xsd=org/springframework/beans/factory/xml/spring-tool-3.0.xsd, http://www.springframework.org/schema/util/spring-util-3.0.xsd=org/springframework/beans/factory/xml/spring-util-3.0.xsd, http://www.springframework.org/schema/lang/spring-lang-3.0.xsd=org/springframework/scripting/config/spring-lang-3.0.xsd, http://www.springframework.org/schema/util/spring-util-2.0.xsd=org/springframework/beans/factory/xml/spring-util-2.0.xsd, http://www.springframework.org/schema/lang/spring-lang-2.0.xsd=org/springframework/scripting/config/spring-lang-2.0.xsd, http://www.springframework.org/schema/beans/spring-beans-2.5.xsd=org/springframework/beans/factory/xml/spring-beans-2.5.xsd}
DEBUG main org.springframework.beans.factory.xml.PluggableSchemaResolver - Found XML schema [http://www.springframework.org/schema/beans/spring-beans-3.0.xsd] in classpath: org/springframework/beans/factory/xml/spring-beans-3.0.xsd
DEBUG main org.springframework.beans.factory.xml.PluggableSchemaResolver - Found XML schema [http://www.springframework.org/schema/context/spring-context-2.5.xsd] in classpath: org/springframework/context/config/spring-context-2.5.xsd
DEBUG main org.springframework.beans.factory.xml.PluggableSchemaResolver - Found XML schema [http://www.springframework.org/schema/tool/spring-tool-2.5.xsd] in classpath: org/springframework/beans/factory/xml/spring-tool-2.5.xsd
DEBUG main org.springframework.beans.factory.xml.PluggableSchemaResolver - Found XML schema [http://www.springframework.org/schema/aop/spring-aop-2.5.xsd] in classpath: org/springframework/aop/config/spring-aop-2.5.xsd
DEBUG main org.springframework.beans.factory.xml.DefaultBeanDefinitionDocumentReader - Loading bean definitions
DEBUG main org.springframework.beans.factory.xml.BeanDefinitionParserDelegate - Neither XML 'id' nor 'name' specified - using generated bean name [org.springframework.beans.factory.config.PropertyPlaceholderConfigurer#0]
DEBUG main org.springframework.beans.factory.xml.DefaultNamespaceHandlerResolver - Loaded NamespaceHandler mappings: {http://www.springframework.org/schema/p=org.springframework.beans.factory.xml.SimplePropertyNamespaceHandler, http://www.springframework.org/schema/mvc=org.springframework.web.servlet.config.MvcNamespaceHandler, http://www.springframework.org/schema/web-services=org.springframework.ws.config.WebServicesNamespaceHandler, http://www.springframework.org/schema/util=org.springframework.beans.factory.xml.UtilNamespaceHandler, http://www.springframework.org/schema/jee=org.springframework.ejb.config.JeeNamespaceHandler, http://www.springframework.org/schema/aop=org.springframework.aop.config.AopNamespaceHandler, http://www.springframework.org/schema/jdbc=org.springframework.jdbc.config.JdbcNamespaceHandler, http://www.springframework.org/schema/oxm=org.springframework.oxm.config.OxmNamespaceHandler, http://www.springframework.org/schema/tx=org.springframework.transaction.config.TxNamespaceHandler, http://www.springframework.org/schema/task=org.springframework.scheduling.config.TaskNamespaceHandler, http://www.springframework.org/schema/jms=org.springframework.jms.config.JmsNamespaceHandler, http://www.springframework.org/schema/lang=org.springframework.scripting.config.LangNamespaceHandler, http://www.springframework.org/schema/context=org.springframework.context.config.ContextNamespaceHandler}
DEBUG main org.springframework.core.io.support.PathMatchingResourcePatternResolver - Looking for matching resources in directory tree [C:\Users\lmmoreira\Documents\Desenvolvimento\Java\SIIC\target\classes\br\unimed\controller]
DEBUG main org.springframework.core.io.support.PathMatchingResourcePatternResolver - Searching directory [C:\Users\lmmoreira\Documents\Desenvolvimento\Java\SIIC\target\classes\br\unimed\controller] for files matching pattern [C:/Users/lmmoreira/Documents/Desenvolvimento/Java/SIIC/target/classes/br/unimed/controller/**/*.class]
DEBUG main org.springframework.core.io.support.PathMatchingResourcePatternResolver - Looking for matching resources in directory tree [C:\Users\lmmoreira\Documents\Desenvolvimento\Java\SIIC\src\main\java\br\unimed\controller]
DEBUG main org.springframework.core.io.support.PathMatchingResourcePatternResolver - Searching directory [C:\Users\lmmoreira\Documents\Desenvolvimento\Java\SIIC\src\main\java\br\unimed\controller] for files matching pattern [C:/Users/lmmoreira/Documents/Desenvolvimento/Java/SIIC/src/main/java/br/unimed/controller/**/*.class]
DEBUG main org.springframework.core.io.support.PathMatchingResourcePatternResolver - Resolved location pattern [classpath*:br/unimed/controller/**/*.class] to resources [file [C:\Users\lmmoreira\Documents\Desenvolvimento\Java\SIIC\target\classes\br\unimed\controller\BilhetesController.class], file [C:\Users\lmmoreira\Documents\Desenvolvimento\Java\SIIC\target\classes\br\unimed\controller\CargoController.class], file [C:\Users\lmmoreira\Documents\Desenvolvimento\Java\SIIC\target\classes\br\unimed\controller\DepartamentoController.class], file [C:\Users\lmmoreira\Documents\Desenvolvimento\Java\SIIC\target\classes\br\unimed\controller\EmpresaController.class], file [C:\Users\lmmoreira\Documents\Desenvolvimento\Java\SIIC\target\classes\br\unimed\controller\GenericController.class], file [C:\Users\lmmoreira\Documents\Desenvolvimento\Java\SIIC\target\classes\br\unimed\controller\GrauInstrucaoController.class], file [C:\Users\lmmoreira\Documents\Desenvolvimento\Java\SIIC\target\classes\br\unimed\controller\LoginController.class], file [C:\Users\lmmoreira\Documents\Desenvolvimento\Java\SIIC\target\classes\br\unimed\controller\MinhaSenhaController.class], file [C:\Users\lmmoreira\Documents\Desenvolvimento\Java\SIIC\target\classes\br\unimed\controller\SexoController.class], file [C:\Users\lmmoreira\Documents\Desenvolvimento\Java\SIIC\target\classes\br\unimed\controller\TipoContratoController.class]]
DEBUG main org.springframework.context.annotation.ClassPathBeanDefinitionScanner - Identified candidate component class: file [C:\Users\lmmoreira\Documents\Desenvolvimento\Java\SIIC\target\classes\br\unimed\controller\BilhetesController.class]
DEBUG main org.springframework.context.annotation.ClassPathBeanDefinitionScanner - Identified candidate component class: file [C:\Users\lmmoreira\Documents\Desenvolvimento\Java\SIIC\target\classes\br\unimed\controller\CargoController.class]
DEBUG main org.springframework.context.annotation.ClassPathBeanDefinitionScanner - Identified candidate component class: file [C:\Users\lmmoreira\Documents\Desenvolvimento\Java\SIIC\target\classes\br\unimed\controller\DepartamentoController.class]
DEBUG main org.springframework.context.annotation.ClassPathBeanDefinitionScanner - Identified candidate component class: file [C:\Users\lmmoreira\Documents\Desenvolvimento\Java\SIIC\target\classes\br\unimed\controller\EmpresaController.class]
DEBUG main org.springframework.context.annotation.ClassPathBeanDefinitionScanner - Identified candidate component class: file [C:\Users\lmmoreira\Documents\Desenvolvimento\Java\SIIC\target\classes\br\unimed\controller\GrauInstrucaoController.class]
DEBUG main org.springframework.context.annotation.ClassPathBeanDefinitionScanner - Identified candidate component class: file [C:\Users\lmmoreira\Documents\Desenvolvimento\Java\SIIC\target\classes\br\unimed\controller\LoginController.class]
DEBUG main org.springframework.context.annotation.ClassPathBeanDefinitionScanner - Identified candidate component class: file [C:\Users\lmmoreira\Documents\Desenvolvimento\Java\SIIC\target\classes\br\unimed\controller\MinhaSenhaController.class]
DEBUG main org.springframework.context.annotation.ClassPathBeanDefinitionScanner - Identified candidate component class: file [C:\Users\lmmoreira\Documents\Desenvolvimento\Java\SIIC\target\classes\br\unimed\controller\SexoController.class]
DEBUG main org.springframework.context.annotation.ClassPathBeanDefinitionScanner - Identified candidate component class: file [C:\Users\lmmoreira\Documents\Desenvolvimento\Java\SIIC\target\classes\br\unimed\controller\TipoContratoController.class]
DEBUG main org.springframework.core.io.support.PathMatchingResourcePatternResolver - Looking for matching resources in directory tree [C:\Users\lmmoreira\Documents\Desenvolvimento\Java\SIIC\target\classes\br\unimed\dao]
DEBUG main org.springframework.core.io.support.PathMatchingResourcePatternResolver - Searching directory [C:\Users\lmmoreira\Documents\Desenvolvimento\Java\SIIC\target\classes\br\unimed\dao] for files matching pattern [C:/Users/lmmoreira/Documents/Desenvolvimento/Java/SIIC/target/classes/br/unimed/dao/**/*.class]
DEBUG main org.springframework.core.io.support.PathMatchingResourcePatternResolver - Looking for matching resources in directory tree [C:\Users\lmmoreira\Documents\Desenvolvimento\Java\SIIC\src\main\java\br\unimed\dao]
DEBUG main org.springframework.core.io.support.PathMatchingResourcePatternResolver - Searching directory [C:\Users\lmmoreira\Documents\Desenvolvimento\Java\SIIC\src\main\java\br\unimed\dao] for files matching pattern [C:/Users/lmmoreira/Documents/Desenvolvimento/Java/SIIC/src/main/java/br/unimed/dao/**/*.class]
DEBUG main org.springframework.core.io.support.PathMatchingResourcePatternResolver - Resolved location pattern [classpath*:br/unimed/dao/**/*.class] to resources [file [C:\Users\lmmoreira\Documents\Desenvolvimento\Java\SIIC\target\classes\br\unimed\dao\GenericDao.class]]
DEBUG main org.springframework.context.annotation.ClassPathBeanDefinitionScanner - Identified candidate component class: file [C:\Users\lmmoreira\Documents\Desenvolvimento\Java\SIIC\target\classes\br\unimed\dao\GenericDao.class]
DEBUG main org.springframework.core.io.support.PathMatchingResourcePatternResolver - Looking for matching resources in directory tree [C:\Users\lmmoreira\Documents\Desenvolvimento\Java\SIIC\target\classes\br\unimed\business]
DEBUG main org.springframework.core.io.support.PathMatchingResourcePatternResolver - Searching directory [C:\Users\lmmoreira\Documents\Desenvolvimento\Java\SIIC\target\classes\br\unimed\business] for files matching pattern [C:/Users/lmmoreira/Documents/Desenvolvimento/Java/SIIC/target/classes/br/unimed/business/**/*.class]
DEBUG main org.springframework.core.io.support.PathMatchingResourcePatternResolver - Looking for matching resources in directory tree [C:\Users\lmmoreira\Documents\Desenvolvimento\Java\SIIC\src\main\java\br\unimed\business]
DEBUG main org.springframework.core.io.support.PathMatchingResourcePatternResolver - Searching directory [C:\Users\lmmoreira\Documents\Desenvolvimento\Java\SIIC\src\main\java\br\unimed\business] for files matching pattern [C:/Users/lmmoreira/Documents/Desenvolvimento/Java/SIIC/src/main/java/br/unimed/business/**/*.class]
DEBUG main org.springframework.core.io.support.PathMatchingResourcePatternResolver - Resolved location pattern [classpath*:br/unimed/business/**/*.class] to resources [file [C:\Users\lmmoreira\Documents\Desenvolvimento\Java\SIIC\target\classes\br\unimed\business\Aspects.class]]
DEBUG main org.springframework.context.annotation.ClassPathBeanDefinitionScanner - Identified candidate component class: file [C:\Users\lmmoreira\Documents\Desenvolvimento\Java\SIIC\target\classes\br\unimed\business\Aspects.class]
DEBUG main org.springframework.beans.factory.xml.XmlBeanDefinitionReader - Loaded 21 bean definitions from location pattern [classpath:spring.xml]
INFO main org.springframework.context.support.GenericApplicationContext - Refreshing org.springframework.context.support.GenericApplicationContext@509df6f1: startup date [Thu May 20 11:17:48 BRT 2010]; root of context hierarchy
DEBUG main org.springframework.context.support.GenericApplicationContext - Bean factory for org.springframework.context.support.GenericApplicationContext@509df6f1: org.springframework.beans.factory.support.DefaultListableBeanFactory@6c69d02b: defining beans [dataSource,hibernateProperties,org.springframework.beans.factory.config.PropertyPlaceholderConfigurer#0,sessionFactory,bilhetesController,cargoController,departamentoController,empresaController,grauInstrucaoController,loginController,minhaSenhaController,sexoController,tipoContratoController,org.springframework.context.annotation.internalConfigurationAnnotationProcessor,org.springframework.context.annotation.internalAutowiredAnnotationProcessor,org.springframework.context.annotation.internalRequiredAnnotationProcessor,org.springframework.context.annotation.internalCommonAnnotationProcessor,org.springframework.context.annotation.internalPersistenceAnnotationProcessor,genericDao,aspects,org.springframework.aop.config.internalAutoProxyCreator]; root of factory hierarchy
DEBUG main org.springframework.beans.factory.support.DefaultListableBeanFactory - Creating shared instance of singleton bean 'org.springframework.context.annotation.internalConfigurationAnnotationProcessor'
DEBUG main org.springframework.beans.factory.support.DefaultListableBeanFactory - Creating instance of bean 'org.springframework.context.annotation.internalConfigurationAnnotationProcessor'
DEBUG main org.springframework.beans.factory.support.DefaultListableBeanFactory - Eagerly caching bean 'org.springframework.context.annotation.internalConfigurationAnnotationProcessor' to allow for resolving potential circular references
DEBUG main org.springframework.beans.factory.support.DefaultListableBeanFactory - Finished creating instance of bean 'org.springframework.context.annotation.internalConfigurationAnnotationProcessor'
DEBUG main org.springframework.beans.factory.support.DefaultListableBeanFactory - Creating shared instance of singleton bean 'org.springframework.beans.factory.config.PropertyPlaceholderConfigurer#0'
DEBUG main org.springframework.beans.factory.support.DefaultListableBeanFactory - Creating instance of bean 'org.springframework.beans.factory.config.PropertyPlaceholderConfigurer#0'
DEBUG main org.springframework.beans.factory.support.DefaultListableBeanFactory - Eagerly caching bean 'org.springframework.beans.factory.config.PropertyPlaceholderConfigurer#0' to allow for resolving potential circular references
DEBUG main org.springframework.beans.factory.support.DefaultListableBeanFactory - Creating shared instance of singleton bean 'hibernateProperties'
DEBUG main org.springframework.beans.factory.support.DefaultListableBeanFactory - Creating instance of bean 'hibernateProperties'
DEBUG main org.springframework.beans.factory.support.DefaultListableBeanFactory - Eagerly caching bean 'hibernateProperties' to allow for resolving potential circular references
DEBUG main org.springframework.beans.factory.support.DefaultListableBeanFactory - Invoking afterPropertiesSet() on bean with name 'hibernateProperties'
INFO main org.springframework.beans.factory.config.PropertiesFactoryBean - Loading properties file from class path resource [hibernate.properties]
DEBUG main org.springframework.beans.factory.support.DefaultListableBeanFactory - Finished creating instance of bean 'hibernateProperties'
DEBUG main org.springframework.beans.factory.support.DefaultListableBeanFactory - Finished creating instance of bean 'org.springframework.beans.factory.config.PropertyPlaceholderConfigurer#0'
DEBUG main org.springframework.beans.factory.support.DefaultListableBeanFactory - Returning cached instance of singleton bean 'org.springframework.context.annotation.internalConfigurationAnnotationProcessor'
DEBUG main org.springframework.beans.factory.support.DefaultListableBeanFactory - Creating shared instance of singleton bean 'org.springframework.context.annotation.internalAutowiredAnnotationProcessor'
DEBUG main org.springframework.beans.factory.support.DefaultListableBeanFactory - Creating instance of bean 'org.springframework.context.annotation.internalAutowiredAnnotationProcessor'
DEBUG main org.springframework.beans.factory.support.DefaultListableBeanFactory - Eagerly caching bean 'org.springframework.context.annotation.internalAutowiredAnnotationProcessor' to allow for resolving potential circular references
DEBUG main org.springframework.beans.factory.support.DefaultListableBeanFactory - Finished creating instance of bean 'org.springframework.context.annotation.internalAutowiredAnnotationProcessor'
DEBUG main org.springframework.beans.factory.support.DefaultListableBeanFactory - Creating shared instance of singleton bean 'org.springframework.context.annotation.internalRequiredAnnotationProcessor'
DEBUG main org.springframework.beans.factory.support.DefaultListableBeanFactory - Creating instance of bean 'org.springframework.context.annotation.internalRequiredAnnotationProcessor'
DEBUG main org.springframework.beans.factory.support.DefaultListableBeanFactory - Eagerly caching bean 'org.springframework.context.annotation.internalRequiredAnnotationProcessor' to allow for resolving potential circular references
DEBUG main org.springframework.beans.factory.support.DefaultListableBeanFactory - Finished creating instance of bean 'org.springframework.context.annotation.internalRequiredAnnotationProcessor'
DEBUG main org.springframework.beans.factory.support.DefaultListableBeanFactory - Creating shared instance of singleton bean 'org.springframework.context.annotation.internalCommonAnnotationProcessor'
DEBUG main org.springframework.beans.factory.support.DefaultListableBeanFactory - Creating instance of bean 'org.springframework.context.annotation.internalCommonAnnotationProcessor'
DEBUG main org.springframework.beans.factory.support.DefaultListableBeanFactory - Eagerly caching bean 'org.springframework.context.annotation.internalCommonAnnotationProcessor' to allow for resolving potential circular references
DEBUG main org.springframework.beans.factory.support.DefaultListableBeanFactory - Finished creating instance of bean 'org.springframework.context.annotation.internalCommonAnnotationProcessor'
DEBUG main org.springframework.beans.factory.support.DefaultListableBeanFactory - Creating shared instance of singleton bean 'org.springframework.context.annotation.internalPersistenceAnnotationProcessor'
DEBUG main org.springframework.beans.factory.support.DefaultListableBeanFactory - Creating instance of bean 'org.springframework.context.annotation.internalPersistenceAnnotationProcessor'
DEBUG main org.springframework.beans.factory.support.DefaultListableBeanFactory - Eagerly caching bean 'org.springframework.context.annotation.internalPersistenceAnnotationProcessor' to allow for resolving potential circular references
DEBUG main org.springframework.beans.factory.support.DefaultListableBeanFactory - Finished creating instance of bean 'org.springframework.context.annotation.internalPersistenceAnnotationProcessor'
DEBUG main org.springframework.beans.factory.support.DefaultListableBeanFactory - Creating shared instance of singleton bean 'org.springframework.aop.config.internalAutoProxyCreator'
DEBUG main org.springframework.beans.factory.support.DefaultListableBeanFactory - Creating instance of bean 'org.springframework.aop.config.internalAutoProxyCreator'
DEBUG main org.springframework.beans.factory.support.DefaultListableBeanFactory - Eagerly caching bean 'org.springframework.aop.config.internalAutoProxyCreator' to allow for resolving potential circular references
DEBUG main org.springframework.beans.factory.support.DefaultListableBeanFactory - Finished creating instance of bean 'org.springframework.aop.config.internalAutoProxyCreator'
DEBUG main org.springframework.context.support.GenericApplicationContext - Unable to locate MessageSource with name 'messageSource': using default [org.springframework.context.support.DelegatingMessageSource@5c391c3]
DEBUG main org.springframework.context.support.GenericApplicationContext - Unable to locate ApplicationEventMulticaster with name 'applicationEventMulticaster': using default [org.springframework.context.event.SimpleApplicationEventMulticaster@18330bf]
INFO main org.springframework.beans.factory.support.DefaultListableBeanFactory - Pre-instantiating singletons in org.springframework.beans.factory.support.DefaultListableBeanFactory@6c69d02b: defining beans [dataSource,hibernateProperties,org.springframework.beans.factory.config.PropertyPlaceholderConfigurer#0,sessionFactory,bilhetesController,cargoController,departamentoController,empresaController,grauInstrucaoController,loginController,minhaSenhaController,sexoController,tipoContratoController,org.springframework.context.annotation.internalConfigurationAnnotationProcessor,org.springframework.context.annotation.internalAutowiredAnnotationProcessor,org.springframework.context.annotation.internalRequiredAnnotationProcessor,org.springframework.context.annotation.internalCommonAnnotationProcessor,org.springframework.context.annotation.internalPersistenceAnnotationProcessor,genericDao,aspects,org.springframework.aop.config.internalAutoProxyCreator]; root of factory hierarchy
DEBUG main org.springframework.beans.factory.support.DefaultListableBeanFactory - Creating shared instance of singleton bean 'dataSource'
DEBUG main org.springframework.beans.factory.support.DefaultListableBeanFactory - Creating instance of bean 'dataSource'
DEBUG main org.springframework.aop.aspectj.annotation.ReflectiveAspectJAdvisorFactory - Found AspectJ method: public void br.unimed.business.Aspects.messageBefore(org.aspectj.lang.JoinPoint) throws java.lang.Exception
DEBUG main org.springframework.aop.aspectj.annotation.ReflectiveAspectJAdvisorFactory - Found AspectJ method: public void br.unimed.business.Aspects.messageAfter(org.aspectj.lang.JoinPoint)
DEBUG main org.springframework.beans.factory.support.DefaultListableBeanFactory - Eagerly caching bean 'dataSource' to allow for resolving potential circular references
DEBUG main org.springframework.beans.factory.support.DefaultListableBeanFactory - Finished creating instance of bean 'dataSource'
DEBUG main org.springframework.beans.factory.support.DefaultListableBeanFactory - Returning cached instance of singleton bean 'hibernateProperties'
DEBUG main org.springframework.beans.factory.support.DefaultListableBeanFactory - Returning cached instance of singleton bean 'org.springframework.beans.factory.config.PropertyPlaceholderConfigurer#0'
DEBUG main org.springframework.beans.factory.support.DefaultListableBeanFactory - Creating shared instance of singleton bean 'sessionFactory'
DEBUG main org.springframework.beans.factory.support.DefaultListableBeanFactory - Creating instance of bean 'sessionFactory'
DEBUG main org.springframework.beans.factory.support.DefaultListableBeanFactory - Eagerly caching bean 'sessionFactory' to allow for resolving potential circular references
DEBUG main org.springframework.beans.factory.support.DefaultListableBeanFactory - Returning cached instance of singleton bean 'dataSource'
DEBUG main org.springframework.beans.factory.support.DefaultListableBeanFactory - Returning cached instance of singleton bean 'hibernateProperties'
DEBUG main org.springframework.beans.factory.support.DefaultListableBeanFactory - Invoking afterPropertiesSet() on bean with name 'sessionFactory'
DEBUG main org.springframework.core.io.support.PathMatchingResourcePatternResolver - Looking for matching resources in directory tree [C:\Users\lmmoreira\Documents\Desenvolvimento\Java\SIIC\target\classes\br\unimed\entity]
DEBUG main org.springframework.core.io.support.PathMatchingResourcePatternResolver - Searching directory [C:\Users\lmmoreira\Documents\Desenvolvimento\Java\SIIC\target\classes\br\unimed\entity] for files matching pattern [C:/Users/lmmoreira/Documents/Desenvolvimento/Java/SIIC/target/classes/br/unimed/entity/**/*.class]
DEBUG main org.springframework.core.io.support.PathMatchingResourcePatternResolver - Looking for matching resources in directory tree [C:\Users\lmmoreira\Documents\Desenvolvimento\Java\SIIC\src\main\java\br\unimed\entity]
DEBUG main org.springframework.core.io.support.PathMatchingResourcePatternResolver - Searching directory [C:\Users\lmmoreira\Documents\Desenvolvimento\Java\SIIC\src\main\java\br\unimed\entity] for files matching pattern [C:/Users/lmmoreira/Documents/Desenvolvimento/Java/SIIC/src/main/java/br/unimed/entity/**/*.class]
DEBUG main org.springframework.core.io.support.PathMatchingResourcePatternResolver - Resolved location pattern [classpath*:br/unimed/entity/**/*.class] to resources [file [C:\Users\lmmoreira\Documents\Desenvolvimento\Java\SIIC\target\classes\br\unimed\entity\Bilhetes.class], file [C:\Users\lmmoreira\Documents\Desenvolvimento\Java\SIIC\target\classes\br\unimed\entity\Cargos.class], file [C:\Users\lmmoreira\Documents\Desenvolvimento\Java\SIIC\target\classes\br\unimed\entity\Celulares.class], file [C:\Users\lmmoreira\Documents\Desenvolvimento\Java\SIIC\target\classes\br\unimed\entity\CelularesPessoas.class], file [C:\Users\lmmoreira\Documents\Desenvolvimento\Java\SIIC\target\classes\br\unimed\entity\CelularesPessoasPK.class], file [C:\Users\lmmoreira\Documents\Desenvolvimento\Java\SIIC\target\classes\br\unimed\entity\Centrais.class], file [C:\Users\lmmoreira\Documents\Desenvolvimento\Java\SIIC\target\classes\br\unimed\entity\CentrosDeCustos.class], file [C:\Users\lmmoreira\Documents\Desenvolvimento\Java\SIIC\target\classes\br\unimed\entity\Contratos.class], file [C:\Users\lmmoreira\Documents\Desenvolvimento\Java\SIIC\target\classes\br\unimed\entity\Departamentos.class], file [C:\Users\lmmoreira\Documents\Desenvolvimento\Java\SIIC\target\classes\br\unimed\entity\Empresas.class], file [C:\Users\lmmoreira\Documents\Desenvolvimento\Java\SIIC\target\classes\br\unimed\entity\Estabelecimentos.class], file [C:\Users\lmmoreira\Documents\Desenvolvimento\Java\SIIC\target\classes\br\unimed\entity\EstadosCivis.class], file [C:\Users\lmmoreira\Documents\Desenvolvimento\Java\SIIC\target\classes\br\unimed\entity\Gerencias.class], file [C:\Users\lmmoreira\Documents\Desenvolvimento\Java\SIIC\target\classes\br\unimed\entity\GrausDeInstrucao.class], file [C:\Users\lmmoreira\Documents\Desenvolvimento\Java\SIIC\target\classes\br\unimed\entity\Grupos.class], file [C:\Users\lmmoreira\Documents\Desenvolvimento\Java\SIIC\target\classes\br\unimed\entity\HistoricoTelefones.class], file [C:\Users\lmmoreira\Documents\Desenvolvimento\Java\SIIC\target\classes\br\unimed\entity\Horarios.class], file [C:\Users\lmmoreira\Documents\Desenvolvimento\Java\SIIC\target\classes\br\unimed\entity\Lotacoes.class], file [C:\Users\lmmoreira\Documents\Desenvolvimento\Java\SIIC\target\classes\br\unimed\entity\Matriculas.class], file [C:\Users\lmmoreira\Documents\Desenvolvimento\Java\SIIC\target\classes\br\unimed\entity\Pessoas.class], file [C:\Users\lmmoreira\Documents\Desenvolvimento\Java\SIIC\target\classes\br\unimed\entity\Planos.class], file [C:\Users\lmmoreira\Documents\Desenvolvimento\Java\SIIC\target\classes\br\unimed\entity\Prestadores.class], file [C:\Users\lmmoreira\Documents\Desenvolvimento\Java\SIIC\target\classes\br\unimed\entity\Projetos.class], file [C:\Users\lmmoreira\Documents\Desenvolvimento\Java\SIIC\target\classes\br\unimed\entity\Ramais.class], file [C:\Users\lmmoreira\Documents\Desenvolvimento\Java\SIIC\target\classes\br\unimed\entity\Sexos.class], file [C:\Users\lmmoreira\Documents\Desenvolvimento\Java\SIIC\target\classes\br\unimed\entity\TiposDeServico.class], file [C:\Users\lmmoreira\Documents\Desenvolvimento\Java\SIIC\target\classes\br\unimed\entity\Usuarios.class]]
INFO main org.springframework.orm.hibernate3.annotation.AnnotationSessionFactoryBean - Building new Hibernate SessionFactory
DEBUG main org.springframework.beans.factory.support.DefaultListableBeanFactory - Finished creating instance of bean 'sessionFactory'
DEBUG main org.springframework.beans.factory.support.DefaultListableBeanFactory - Returning cached instance of singleton bean 'org.springframework.context.annotation.internalConfigurationAnnotationProcessor'
DEBUG main org.springframework.beans.factory.support.DefaultListableBeanFactory - Returning cached instance of singleton bean 'org.springframework.context.annotation.internalAutowiredAnnotationProcessor'
DEBUG main org.springframework.beans.factory.support.DefaultListableBeanFactory - Returning cached instance of singleton bean 'org.springframework.context.annotation.internalRequiredAnnotationProcessor'
DEBUG main org.springframework.beans.factory.support.DefaultListableBeanFactory - Returning cached instance of singleton bean 'org.springframework.context.annotation.internalCommonAnnotationProcessor'
DEBUG main org.springframework.beans.factory.support.DefaultListableBeanFactory - Returning cached instance of singleton bean 'org.springframework.context.annotation.internalPersistenceAnnotationProcessor'
DEBUG main org.springframework.beans.factory.support.DefaultListableBeanFactory - Creating shared instance of singleton bean 'genericDao'
DEBUG main org.springframework.beans.factory.support.DefaultListableBeanFactory - Creating instance of bean 'genericDao'
DEBUG main org.springframework.beans.factory.support.DefaultListableBeanFactory - Eagerly caching bean 'genericDao' to allow for resolving potential circular references
DEBUG main org.springframework.beans.factory.support.DefaultListableBeanFactory - Returning cached instance of singleton bean 'sessionFactory'
DEBUG main org.springframework.beans.factory.support.DefaultListableBeanFactory - Added autowiring by name from bean name 'genericDao' via property 'sessionFactory' to bean named 'sessionFactory'
DEBUG main org.springframework.beans.factory.support.DefaultListableBeanFactory - Invoking afterPropertiesSet() on bean with name 'genericDao'
DEBUG main org.springframework.aop.aspectj.annotation.AnnotationAwareAspectJAutoProxyCreator - Creating implicit proxy for bean 'genericDao' with 0 common interceptors and 3 specific interceptors
DEBUG main org.springframework.aop.framework.Cglib2AopProxy - Creating CGLIB2 proxy: target source is SingletonTargetSource for target object [br.unimed.dao.GenericDao@58779959]
WARN main org.springframework.aop.framework.Cglib2AopProxy - Unable to proxy method [public final org.hibernate.SessionFactory org.springframework.orm.hibernate3.support.HibernateDaoSupport.getSessionFactory()] because it is final: All calls to this method via a proxy will be routed directly to the proxy.
WARN main org.springframework.aop.framework.Cglib2AopProxy - Unable to proxy method [public final org.springframework.orm.hibernate3.HibernateTemplate org.springframework.orm.hibernate3.support.HibernateDaoSupport.getHibernateTemplate()] because it is final: All calls to this method via a proxy will be routed directly to the proxy.
WARN main org.springframework.aop.framework.Cglib2AopProxy - Unable to proxy method [public final void org.springframework.orm.hibernate3.support.HibernateDaoSupport.setSessionFactory(org.hibernate.SessionFactory)] because it is final: All calls to this method via a proxy will be routed directly to the proxy.
WARN main org.springframework.aop.framework.Cglib2AopProxy - Unable to proxy method [public final void org.springframework.orm.hibernate3.support.HibernateDaoSupport.setHibernateTemplate(org.springframework.orm.hibernate3.HibernateTemplate)] because it is final: All calls to this method via a proxy will be routed directly to the proxy.
WARN main org.springframework.aop.framework.Cglib2AopProxy - Unable to proxy method [public final void org.springframework.dao.support.DaoSupport.afterPropertiesSet() throws java.lang.IllegalArgumentException,org.springframework.beans.factory.BeanInitializationException] because it is final: All calls to this method via a proxy will be routed directly to the proxy.
DEBUG main org.springframework.aop.framework.Cglib2AopProxy - Unable to apply any optimisations to advised method: public void br.unimed.dao.GenericDao.save(java.lang.Object)
DEBUG main org.springframework.aop.framework.Cglib2AopProxy - Unable to apply any optimisations to advised method: public void br.unimed.dao.GenericDao.delete(java.lang.Object)
DEBUG main org.springframework.aop.framework.Cglib2AopProxy - Unable to apply any optimisations to advised method: public java.lang.Object br.unimed.dao.GenericDao.getById(java.lang.Class,java.io.Serializable)
DEBUG main org.springframework.aop.framework.Cglib2AopProxy - Unable to apply any optimisations to advised method: public java.util.List br.unimed.dao.GenericDao.getAll(java.lang.Class)
DEBUG main org.springframework.aop.framework.Cglib2AopProxy - Unable to apply any optimisations to advised method: public org.hibernate.SQLQuery br.unimed.dao.GenericDao.getByQuery(java.lang.String,java.lang.Object[],org.hibernate.type.Type[])
DEBUG main org.springframework.aop.framework.Cglib2AopProxy - Unable to apply any optimisations to advised method: public org.hibernate.SQLQuery br.unimed.dao.GenericDao.getByQuery(java.lang.String)
DEBUG main org.springframework.aop.framework.Cglib2AopProxy - Unable to apply any optimisations to advised method: public java.util.List br.unimed.dao.GenericDao.getByNamedQuery(java.lang.String,java.lang.String[],java.lang.Object[])
DEBUG main org.springframework.aop.framework.Cglib2AopProxy - Unable to apply any optimisations to advised method: public java.util.List br.unimed.dao.GenericDao.getByNamedQuery(java.lang.String)
DEBUG main org.springframework.aop.framework.Cglib2AopProxy - Unable to apply any optimisations to advised method: public void br.unimed.dao.GenericDao.saveClass(java.lang.Object)
DEBUG main org.springframework.aop.framework.Cglib2AopProxy - Unable to apply any optimisations to advised method: public void br.unimed.dao.GenericDao.updateClass(java.lang.Object)
DEBUG main org.springframework.aop.framework.Cglib2AopProxy - Unable to apply any optimisations to advised method: protected org.springframework.orm.hibernate3.HibernateTemplate org.springframework.orm.hibernate3.support.HibernateDaoSupport.createHibernateTemplate(org.hibernate.SessionFactory)
DEBUG main org.springframework.aop.framework.Cglib2AopProxy - Unable to apply any optimisations to advised method: protected void org.springframework.dao.support.DaoSupport.initDao() throws java.lang.Exception
DEBUG main org.springframework.aop.framework.Cglib2AopProxy - Found finalize() method - using NO_OVERRIDE
DEBUG main org.springframework.aop.framework.Cglib2AopProxy - Found 'equals' method: public boolean java.lang.Object.equals(java.lang.Object)
DEBUG main org.springframework.aop.framework.Cglib2AopProxy - Unable to apply any optimisations to advised method: public java.lang.String java.lang.Object.toString()
DEBUG main org.springframework.aop.framework.Cglib2AopProxy - Found 'hashCode' method: public native int java.lang.Object.hashCode()
DEBUG main org.springframework.aop.framework.Cglib2AopProxy - Unable to apply any optimisations to advised method: protected native java.lang.Object java.lang.Object.clone() throws java.lang.CloneNotSupportedException
DEBUG main org.springframework.aop.framework.Cglib2AopProxy - Method is declared on Advised interface: public abstract int org.springframework.aop.framework.Advised.indexOf(org.aopalliance.aop.Advice)
DEBUG main org.springframework.aop.framework.Cglib2AopProxy - Method is declared on Advised interface: public abstract int org.springframework.aop.framework.Advised.indexOf(org.springframework.aop.Advisor)
DEBUG main org.springframework.aop.framework.Cglib2AopProxy - Method is declared on Advised interface: public abstract boolean org.springframework.aop.framework.Advised.isFrozen()
DEBUG main org.springframework.aop.framework.Cglib2AopProxy - Method is declared on Advised interface: public abstract org.springframework.aop.TargetSource org.springframework.aop.framework.Advised.getTargetSource()
DEBUG main org.springframework.aop.framework.Cglib2AopProxy - Method is declared on Advised interface: public abstract void org.springframework.aop.framework.Advised.addAdvisor(org.springframework.aop.Advisor) throws org.springframework.aop.framework.AopConfigException
DEBUG main org.springframework.aop.framework.Cglib2AopProxy - Method is declared on Advised interface: public abstract void org.springframework.aop.framework.Advised.addAdvisor(int,org.springframework.aop.Advisor) throws org.springframework.aop.framework.AopConfigException
DEBUG main org.springframework.aop.framework.Cglib2AopProxy - Method is declared on Advised interface: public abstract void org.springframework.aop.framework.Advised.setTargetSource(org.springframework.aop.TargetSource)
DEBUG main org.springframework.aop.framework.Cglib2AopProxy - Method is declared on Advised interface: public abstract void org.springframework.aop.framework.Advised.setPreFiltered(boolean)
DEBUG main org.springframework.aop.framework.Cglib2AopProxy - Method is declared on Advised interface: public abstract boolean org.springframework.aop.framework.Advised.isProxyTargetClass()
DEBUG main org.springframework.aop.framework.Cglib2AopProxy - Method is declared on Advised interface: public abstract void org.springframework.aop.framework.Advised.setExposeProxy(boolean)
DEBUG main org.springframework.aop.framework.Cglib2AopProxy - Method is declared on Advised interface: public abstract boolean org.springframework.aop.framework.Advised.isExposeProxy()
DEBUG main org.springframework.aop.framework.Cglib2AopProxy - Method is declared on Advised interface: public abstract org.springframework.aop.Advisor[] org.springframework.aop.framework.Advised.getAdvisors()
DEBUG main org.springframework.aop.framework.Cglib2AopProxy - Method is declared on Advised interface: public abstract void org.springframework.aop.framework.Advised.addAdvice(int,org.aopalliance.aop.Advice) throws org.springframework.aop.framework.AopConfigException
DEBUG main org.springframework.aop.framework.Cglib2AopProxy - Method is declared on Advised interface: public abstract void org.springframework.aop.framework.Advised.addAdvice(org.aopalliance.aop.Advice) throws org.springframework.aop.framework.AopConfigException
DEBUG main org.springframework.aop.framework.Cglib2AopProxy - Method is declared on Advised interface: public abstract boolean org.springframework.aop.framework.Advised.isPreFiltered()
DEBUG main org.springframework.aop.framework.Cglib2AopProxy - Method is declared on Advised interface: public abstract java.lang.Class[] org.springframework.aop.framework.Advised.getProxiedInterfaces()
DEBUG main org.springframework.aop.framework.Cglib2AopProxy - Method is declared on Advised interface: public abstract boolean org.springframework.aop.framework.Advised.isInterfaceProxied(java.lang.Class)
DEBUG main org.springframework.aop.framework.Cglib2AopProxy - Method is declared on Advised interface: public abstract boolean org.springframework.aop.framework.Advised.removeAdvisor(org.springframework.aop.Advisor)
DEBUG main org.springframework.aop.framework.Cglib2AopProxy - Method is declared on Advised interface: public abstract void org.springframework.aop.framework.Advised.removeAdvisor(int) throws org.springframework.aop.framework.AopConfigException
DEBUG main org.springframework.aop.framework.Cglib2AopProxy - Method is declared on Advised interface: public abstract boolean org.springframework.aop.framework.Advised.replaceAdvisor(org.springframework.aop.Advisor,org.springframework.aop.Advisor) throws org.springframework.aop.framework.AopConfigException
DEBUG main org.springframework.aop.framework.Cglib2AopProxy - Method is declared on Advised interface: public abstract boolean org.springframework.aop.framework.Advised.removeAdvice(org.aopalliance.aop.Advice)
DEBUG main org.springframework.aop.framework.Cglib2AopProxy - Method is declared on Advised interface: public abstract java.lang.String org.springframework.aop.framework.Advised.toProxyConfigString()
DEBUG main org.springframework.aop.framework.Cglib2AopProxy - Method is declared on Advised interface: public abstract java.lang.Class org.springframework.aop.TargetClassAware.getTargetClass()
DEBUG main org.springframework.beans.factory.support.DefaultListableBeanFactory - Finished creating instance of bean 'genericDao'
DEBUG main org.springframework.beans.factory.support.DefaultListableBeanFactory - Creating shared instance of singleton bean 'aspects'
DEBUG main org.springframework.beans.factory.support.DefaultListableBeanFactory - Creating instance of bean 'aspects'
DEBUG main org.springframework.beans.factory.support.DefaultListableBeanFactory - Eagerly caching bean 'aspects' to allow for resolving potential circular references
DEBUG main org.springframework.beans.factory.support.DefaultListableBeanFactory - Finished creating instance of bean 'aspects'
DEBUG main org.springframework.beans.factory.support.DefaultListableBeanFactory - Returning cached instance of singleton bean 'org.springframework.aop.config.internalAutoProxyCreator'
DEBUG main org.springframework.context.support.GenericApplicationContext - Unable to locate LifecycleProcessor with name 'lifecycleProcessor': using default [org.springframework.context.support.DefaultLifecycleProcessor@67635aad]
DEBUG main org.springframework.beans.factory.support.DefaultListableBeanFactory - Returning cached instance of singleton bean 'lifecycleProcessor'
DEBUG main org.springframework.beans.factory.annotation.InjectionMetadata - Found injected element on class [br.unimed.daotest.PessoasDaoTest]: AutowiredFieldElement for protected br.unimed.dao.GenericDao br.unimed.daotest.GenericDaoTest.genericDao
DEBUG main org.springframework.beans.factory.annotation.InjectionMetadata - Processing injected method of bean 'br.unimed.daotest.PessoasDaoTest': AutowiredFieldElement for protected br.unimed.dao.GenericDao br.unimed.daotest.GenericDaoTest.genericDao
DEBUG main org.springframework.beans.factory.support.DefaultListableBeanFactory - Returning cached instance of singleton bean 'genericDao'
DEBUG main org.springframework.beans.factory.annotation.AutowiredAnnotationBeanPostProcessor - Autowiring by type from bean name 'br.unimed.daotest.PessoasDaoTest' to bean named 'genericDao'
DEBUG main org.springframework.orm.hibernate3.SessionFactoryUtils - Opening Hibernate Session
DEBUG main org.springframework.orm.hibernate3.HibernateTemplate - Eagerly flushing Hibernate session
DEBUG main org.springframework.orm.hibernate3.SessionFactoryUtils - Closing Hibernate Session
DEBUG main org.springframework.test.context.support.DirtiesContextTestExecutionListener - After test method: context [[TestContext@e80d1ff testClass = PessoasDaoTest, locations = array<String>['classpath:spring.xml'], testInstance = br.unimed.daotest.PessoasDaoTest@2b5ac3c9, testMethod = testGetById@PessoasDaoTest, testException = [null]]], class dirties context [false], class mode [null], method dirties context [false].
DEBUG main org.springframework.test.annotation.ProfileValueUtils - Retrieved @ProfileValueSourceConfiguration [null] for test class [br.unimed.daotest.PessoasDaoTest]
DEBUG main org.springframework.test.annotation.ProfileValueUtils - Retrieved ProfileValueSource type [class org.springframework.test.annotation.SystemProfileValueSource] for class [br.unimed.daotest.PessoasDaoTest]
DEBUG main org.springframework.test.context.support.DependencyInjectionTestExecutionListener - Performing dependency injection for test context [[TestContext@e80d1ff testClass = PessoasDaoTest, locations = array<String>['classpath:spring.xml'], testInstance = br.unimed.daotest.PessoasDaoTest@145ebac9, testMethod = [null], testException = [null]]].
DEBUG main org.springframework.beans.factory.annotation.InjectionMetadata - Processing injected method of bean 'br.unimed.daotest.PessoasDaoTest': AutowiredFieldElement for protected br.unimed.dao.GenericDao br.unimed.daotest.GenericDaoTest.genericDao
DEBUG main org.springframework.beans.factory.support.DefaultListableBeanFactory - Returning cached instance of singleton bean 'genericDao'
DEBUG main org.springframework.orm.hibernate3.SessionFactoryUtils - Opening Hibernate Session
DEBUG main org.springframework.orm.hibernate3.HibernateTemplate - Eagerly flushing Hibernate session
DEBUG main org.springframework.orm.hibernate3.SessionFactoryUtils - Closing Hibernate Session
DEBUG main org.springframework.test.context.support.DirtiesContextTestExecutionListener - After test method: context [[TestContext@e80d1ff testClass = PessoasDaoTest, locations = array<String>['classpath:spring.xml'], testInstance = br.unimed.daotest.PessoasDaoTest@145ebac9, testMethod = testGetAll@PessoasDaoTest, testException = [null]]], class dirties context [false], class mode [null], method dirties context [false].
DEBUG main org.springframework.test.annotation.ProfileValueUtils - Retrieved @ProfileValueSourceConfiguration [null] for test class [br.unimed.daotest.PessoasDaoTest]
DEBUG main org.springframework.test.annotation.ProfileValueUtils - Retrieved ProfileValueSource type [class org.springframework.test.annotation.SystemProfileValueSource] for class [br.unimed.daotest.PessoasDaoTest]
DEBUG main org.springframework.test.context.support.DependencyInjectionTestExecutionListener - Performing dependency injection for test context [[TestContext@e80d1ff testClass = PessoasDaoTest, locations = array<String>['classpath:spring.xml'], testInstance = br.unimed.daotest.PessoasDaoTest@5c17d6c1, testMethod = [null], testException = [null]]].
DEBUG main org.springframework.beans.factory.annotation.InjectionMetadata - Processing injected method of bean 'br.unimed.daotest.PessoasDaoTest': AutowiredFieldElement for protected br.unimed.dao.GenericDao br.unimed.daotest.GenericDaoTest.genericDao
DEBUG main org.springframework.beans.factory.support.DefaultListableBeanFactory - Returning cached instance of singleton bean 'genericDao'
DEBUG main org.springframework.test.context.support.DirtiesContextTestExecutionListener - After test method: context [[TestContext@e80d1ff testClass = PessoasDaoTest, locations = array<String>['classpath:spring.xml'], testInstance = br.unimed.daotest.PessoasDaoTest@5c17d6c1, testMethod = testGetByQuery@PessoasDaoTest, testException = [null]]], class dirties context [false], class mode [null], method dirties context [false].
DEBUG main org.springframework.test.context.support.DirtiesContextTestExecutionListener - After test class: context [[TestContext@e80d1ff testClass = PessoasDaoTest, locations = array<String>['classpath:spring.xml'], testInstance = [null], testMethod = [null], testException = [null]]], dirtiesContext [false].
INFO Thread-2 org.springframework.context.support.GenericApplicationContext - Closing org.springframework.context.support.GenericApplicationContext@509df6f1: startup date [Thu May 20 11:17:48 BRT 2010]; root of context hierarchy
DEBUG Thread-2 org.springframework.beans.factory.support.DefaultListableBeanFactory - Returning cached instance of singleton bean 'lifecycleProcessor'
INFO Thread-2 org.springframework.beans.factory.support.DefaultListableBeanFactory - Destroying singletons in org.springframework.beans.factory.support.DefaultListableBeanFactory@6c69d02b: defining beans [dataSource,hibernateProperties,org.springframework.beans.factory.config.PropertyPlaceholderConfigurer#0,sessionFactory,bilhetesController,cargoController,departamentoController,empresaController,grauInstrucaoController,loginController,minhaSenhaController,sexoController,tipoContratoController,org.springframework.context.annotation.internalConfigurationAnnotationProcessor,org.springframework.context.annotation.internalAutowiredAnnotationProcessor,org.springframework.context.annotation.internalRequiredAnnotationProcessor,org.springframework.context.annotation.internalCommonAnnotationProcessor,org.springframework.context.annotation.internalPersistenceAnnotationProcessor,genericDao,aspects,org.springframework.aop.config.internalAutoProxyCreator]; root of factory hierarchy
DEBUG Thread-2 org.springframework.beans.factory.support.DefaultListableBeanFactory - Retrieved dependent beans for bean 'genericDao': [br.unimed.daotest.PessoasDaoTest]
DEBUG Thread-2 org.springframework.beans.factory.support.DisposableBeanAdapter - Invoking destroy() on bean with name 'sessionFactory'
INFO Thread-2 org.springframework.orm.hibernate3.annotation.AnnotationSessionFactoryBean - Closing Hibernate SessionFactory
DEBUG Thread-2 org.springframework.beans.factory.support.DisposableBeanAdapter - Invoking destroy method 'close' on bean with name 'dataSource'
